#
# A fatal error has been detected by the Java Runtime Environment:
#
#  Internal Error (./src/hotspot/share/oops/generateOopMap.cpp:2164), pid=24208, tid=11552
#  fatal error: Illegal class file encountered. Try running with -Xverify:all in method total
#
# JRE version: OpenJDK Runtime Environment Temurin-11.0.14.1+1 (11.0.14.1+1) (build 11.0.14.1+1)
# Java VM: OpenJDK 64-Bit Server VM Temurin-11.0.14.1+1 (11.0.14.1+1, mixed mode, tiered, compressed oops, g1 gc, windows-amd64)
# No core dump will be written. Minidumps are not enabled by default on client versions of Windows
#
# If you would like to submit a bug report, please visit:
#   https://github.com/adoptium/adoptium-support/issues
#

---------------  S U M M A R Y ------------

Command Line: -agentlib:jdwp=transport=dt_socket,address=127.0.0.1:54412,suspend=y,server=n -ea -Didea.test.cyclic.buffer.size=1048576 -javaagent:C:\Users\mynot\AppData\Local\JetBrains\IdeaIC2022.1\captureAgent\debugger-agent.jar -Dfile.encoding=UTF-8 com.intellij.rt.testng.RemoteTestNGStarter -usedefaultlisteners false -socket54411 @w@C:\Users\mynot\AppData\Local\Temp\idea_working_dirs_testng1.tmp -temp C:\Users\mynot\AppData\Local\Temp\idea_testng1.tmp

Host: Intel(R) Core(TM) i5-10210U CPU @ 1.60GHz, 8 cores, 7G,  Windows 10 , 64 bit Build 19041 (10.0.19041.1706)
Time: Wed Jun  1 15:27:18 2022 RTZ 2 (зима) elapsed time: 781.136619 seconds (0d 0h 13m 1s)

---------------  T H R E A D  ---------------

Current thread (0x00000268c51e7800):  VMThread "VM Thread" [stack: 0x000000b65bb00000,0x000000b65bc00000] [id=11552]

Stack: [0x000000b65bb00000,0x000000b65bc00000]
[error occurred during error reporting (printing stack bounds), id 0xc0000005, EXCEPTION_ACCESS_VIOLATION (0xc0000005) at pc=0x00000268aea3112d]

Native frames: (J=compiled Java code, j=interpreted, Vv=VM code, C=native code)
V  [jvm.dll+0x61e59a]
V  [jvm.dll+0x7aaca9]
V  [jvm.dll+0x7ac398]
V  [jvm.dll+0x7ac9d5]
V  [jvm.dll+0x7ac98b]
V  [jvm.dll+0x61d927]
V  [jvm.dll+0x61e038]
C  [ntdll.dll+0xa209f]
C  [ntdll.dll+0x51454]
C  [ntdll.dll+0xa0bce]
C  0x00000268aea3112d

VM_Operation (0x000000b65c6ff510): GetOrSetLocal, mode: safepoint, requested by thread 0x00000268c5e83000


---------------  P R O C E S S  ---------------

Threads class SMR info:
_java_thread_list=0x00000268c70ae1e0, length=13, elements={
0x00000268a62f1800, 0x00000268c521b000, 0x00000268c5211800, 0x00000268c5228000,
0x00000268c5229000, 0x00000268c522a000, 0x00000268c522f800, 0x00000268c5bac000,
0x00000268c523e000, 0x00000268c5cab800, 0x00000268c5e83000, 0x00000268c5e9c000,
0x00000268c5f99800
}

Java Threads: ( => current thread )
  0x00000268a62f1800 JavaThread "main" [_thread_blocked, id=11856, stack(0x000000b65b500000,0x000000b65b600000)]
  0x00000268c521b000 JavaThread "Reference Handler" daemon [_thread_blocked, id=1400, stack(0x000000b65bc00000,0x000000b65bd00000)]
  0x00000268c5211800 JavaThread "Finalizer" daemon [_thread_blocked, id=25524, stack(0x000000b65bd00000,0x000000b65be00000)]
  0x00000268c5228000 JavaThread "Signal Dispatcher" daemon [_thread_blocked, id=20376, stack(0x000000b65be00000,0x000000b65bf00000)]
  0x00000268c5229000 JavaThread "Attach Listener" daemon [_thread_blocked, id=20876, stack(0x000000b65bf00000,0x000000b65c000000)]
  0x00000268c522a000 JavaThread "Service Thread" daemon [_thread_blocked, id=1248, stack(0x000000b65c000000,0x000000b65c100000)]
  0x00000268c522f800 JavaThread "C2 CompilerThread0" daemon [_thread_blocked, id=20868, stack(0x000000b65c100000,0x000000b65c200000)]
  0x00000268c5bac000 JavaThread "C1 CompilerThread0" daemon [_thread_blocked, id=23264, stack(0x000000b65c200000,0x000000b65c300000)]
  0x00000268c523e000 JavaThread "Sweeper thread" daemon [_thread_blocked, id=18068, stack(0x000000b65c300000,0x000000b65c400000)]
  0x00000268c5cab800 JavaThread "Common-Cleaner" daemon [_thread_blocked, id=23668, stack(0x000000b65c400000,0x000000b65c500000)]
  0x00000268c5e83000 JavaThread "JDWP Transport Listener: dt_socket" daemon [_thread_blocked, id=25708, stack(0x000000b65c600000,0x000000b65c700000)] _threads_hazard_ptr=0x00000268c70ae1e0
  0x00000268c5e9c000 JavaThread "JDWP Event Helper Thread" daemon [_thread_blocked, id=15340, stack(0x000000b65c700000,0x000000b65c800000)]
  0x00000268c5f99800 JavaThread "JDWP Command Reader" daemon [_thread_in_native, id=26244, stack(0x000000b65c800000,0x000000b65c900000)]

Other Threads:
=>0x00000268c51e7800 VMThread "VM Thread" [stack: 0x000000b65bb00000,0x000000b65bc00000] [id=11552]
  0x00000268c5ebf000 WatcherThread [stack: 0x000000b65c900000,0x000000b65ca00000] [id=20064]
  0x00000268a6309800 GCTaskThread "GC Thread#0" [stack: 0x000000b65b600000,0x000000b65b700000] [id=26344]
  0x00000268c66f8800 GCTaskThread "GC Thread#1" [stack: 0x000000b65ca00000,0x000000b65cb00000] [id=13396]
  0x00000268c66e3800 GCTaskThread "GC Thread#2" [stack: 0x000000b65cb00000,0x000000b65cc00000] [id=14032]
  0x00000268a6338800 ConcurrentGCThread "G1 Main Marker" [stack: 0x000000b65b700000,0x000000b65b800000] [id=19028]
  0x00000268a633b000 ConcurrentGCThread "G1 Conc#0" [stack: 0x000000b65b800000,0x000000b65b900000] [id=25940]
  0x00000268a63cc800 ConcurrentGCThread "G1 Refine#0" [stack: 0x000000b65b900000,0x000000b65ba00000] [id=2220]
  0x00000268c5040800 ConcurrentGCThread "G1 Young RemSet Sampling" [stack: 0x000000b65ba00000,0x000000b65bb00000] [id=23884]

Threads with active compile tasks:

VM state:at safepoint (normal execution)

VM Mutex/Monitor currently owned by a thread:  ([mutex/lock_event])
[0x00000268a62ed340] Threads_lock - owner thread: 0x00000268c51e7800

Heap address: 0x0000000083200000, size: 1998 MB, Compressed Oops mode: 32-bit
Narrow klass base: 0x0000000000000000, Narrow klass shift: 3
Compressed class space size: 1073741824 Address: 0x0000000100000000

Heap:
 garbage-first heap   total 129024K, used 5905K [0x0000000083200000, 0x0000000100000000)
  region size 1024K, 7 young (7168K), 3 survivors (3072K)
 Metaspace       used 15062K, capacity 15658K, committed 15872K, reserved 1062912K
  class space    used 1542K, capacity 1786K, committed 1792K, reserved 1048576K
Heap Regions: E=young(eden), S=young(survivor), O=old, HS=humongous(starts), HC=humongous(continues), CS=collection set, F=free, A=archive, TAMS=top-at-mark-start (previous, next)
|   0|0x0000000083200000, 0x0000000083200000, 0x0000000083300000|  0%| F|  |TAMS 0x0000000083200000, 0x0000000083200000| Untracked 
|   1|0x0000000083300000, 0x0000000083300000, 0x0000000083400000|  0%| F|  |TAMS 0x0000000083300000, 0x0000000083300000| Untracked 
|   2|0x0000000083400000, 0x0000000083400000, 0x0000000083500000|  0%| F|  |TAMS 0x0000000083400000, 0x0000000083400000| Untracked 
|   3|0x0000000083500000, 0x0000000083500000, 0x0000000083600000|  0%| F|  |TAMS 0x0000000083500000, 0x0000000083500000| Untracked 
|   4|0x0000000083600000, 0x0000000083600000, 0x0000000083700000|  0%| F|  |TAMS 0x0000000083600000, 0x0000000083600000| Untracked 
|   5|0x0000000083700000, 0x0000000083700000, 0x0000000083800000|  0%| F|  |TAMS 0x0000000083700000, 0x0000000083700000| Untracked 
|   6|0x0000000083800000, 0x0000000083800000, 0x0000000083900000|  0%| F|  |TAMS 0x0000000083800000, 0x0000000083800000| Untracked 
|   7|0x0000000083900000, 0x0000000083900000, 0x0000000083a00000|  0%| F|  |TAMS 0x0000000083900000, 0x0000000083900000| Untracked 
|   8|0x0000000083a00000, 0x0000000083a00000, 0x0000000083b00000|  0%| F|  |TAMS 0x0000000083a00000, 0x0000000083a00000| Untracked 
|   9|0x0000000083b00000, 0x0000000083b00000, 0x0000000083c00000|  0%| F|  |TAMS 0x0000000083b00000, 0x0000000083b00000| Untracked 
|  10|0x0000000083c00000, 0x0000000083c00000, 0x0000000083d00000|  0%| F|  |TAMS 0x0000000083c00000, 0x0000000083c00000| Untracked 
|  11|0x0000000083d00000, 0x0000000083d00000, 0x0000000083e00000|  0%| F|  |TAMS 0x0000000083d00000, 0x0000000083d00000| Untracked 
|  12|0x0000000083e00000, 0x0000000083e00000, 0x0000000083f00000|  0%| F|  |TAMS 0x0000000083e00000, 0x0000000083e00000| Untracked 
|  13|0x0000000083f00000, 0x0000000083f00000, 0x0000000084000000|  0%| F|  |TAMS 0x0000000083f00000, 0x0000000083f00000| Untracked 
|  14|0x0000000084000000, 0x0000000084000000, 0x0000000084100000|  0%| F|  |TAMS 0x0000000084000000, 0x0000000084000000| Untracked 
|  15|0x0000000084100000, 0x0000000084100000, 0x0000000084200000|  0%| F|  |TAMS 0x0000000084100000, 0x0000000084100000| Untracked 
|  16|0x0000000084200000, 0x0000000084200000, 0x0000000084300000|  0%| F|  |TAMS 0x0000000084200000, 0x0000000084200000| Untracked 
|  17|0x0000000084300000, 0x0000000084300000, 0x0000000084400000|  0%| F|  |TAMS 0x0000000084300000, 0x0000000084300000| Untracked 
|  18|0x0000000084400000, 0x0000000084400000, 0x0000000084500000|  0%| F|  |TAMS 0x0000000084400000, 0x0000000084400000| Untracked 
|  19|0x0000000084500000, 0x0000000084500000, 0x0000000084600000|  0%| F|  |TAMS 0x0000000084500000, 0x0000000084500000| Untracked 
|  20|0x0000000084600000, 0x0000000084600000, 0x0000000084700000|  0%| F|  |TAMS 0x0000000084600000, 0x0000000084600000| Untracked 
|  21|0x0000000084700000, 0x0000000084700000, 0x0000000084800000|  0%| F|  |TAMS 0x0000000084700000, 0x0000000084700000| Untracked 
|  22|0x0000000084800000, 0x0000000084800000, 0x0000000084900000|  0%| F|  |TAMS 0x0000000084800000, 0x0000000084800000| Untracked 
|  23|0x0000000084900000, 0x0000000084900000, 0x0000000084a00000|  0%| F|  |TAMS 0x0000000084900000, 0x0000000084900000| Untracked 
|  24|0x0000000084a00000, 0x0000000084a00000, 0x0000000084b00000|  0%| F|  |TAMS 0x0000000084a00000, 0x0000000084a00000| Untracked 
|  25|0x0000000084b00000, 0x0000000084b00000, 0x0000000084c00000|  0%| F|  |TAMS 0x0000000084b00000, 0x0000000084b00000| Untracked 
|  26|0x0000000084c00000, 0x0000000084c00000, 0x0000000084d00000|  0%| F|  |TAMS 0x0000000084c00000, 0x0000000084c00000| Untracked 
|  27|0x0000000084d00000, 0x0000000084d00000, 0x0000000084e00000|  0%| F|  |TAMS 0x0000000084d00000, 0x0000000084d00000| Untracked 
|  28|0x0000000084e00000, 0x0000000084e00000, 0x0000000084f00000|  0%| F|  |TAMS 0x0000000084e00000, 0x0000000084e00000| Untracked 
|  29|0x0000000084f00000, 0x0000000084f00000, 0x0000000085000000|  0%| F|  |TAMS 0x0000000084f00000, 0x0000000084f00000| Untracked 
|  30|0x0000000085000000, 0x0000000085000000, 0x0000000085100000|  0%| F|  |TAMS 0x0000000085000000, 0x0000000085000000| Untracked 
|  31|0x0000000085100000, 0x0000000085100000, 0x0000000085200000|  0%| F|  |TAMS 0x0000000085100000, 0x0000000085100000| Untracked 
|  32|0x0000000085200000, 0x0000000085200000, 0x0000000085300000|  0%| F|  |TAMS 0x0000000085200000, 0x0000000085200000| Untracked 
|  33|0x0000000085300000, 0x0000000085300000, 0x0000000085400000|  0%| F|  |TAMS 0x0000000085300000, 0x0000000085300000| Untracked 
|  34|0x0000000085400000, 0x0000000085400000, 0x0000000085500000|  0%| F|  |TAMS 0x0000000085400000, 0x0000000085400000| Untracked 
|  35|0x0000000085500000, 0x0000000085500000, 0x0000000085600000|  0%| F|  |TAMS 0x0000000085500000, 0x0000000085500000| Untracked 
|  36|0x0000000085600000, 0x0000000085600000, 0x0000000085700000|  0%| F|  |TAMS 0x0000000085600000, 0x0000000085600000| Untracked 
|  37|0x0000000085700000, 0x0000000085700000, 0x0000000085800000|  0%| F|  |TAMS 0x0000000085700000, 0x0000000085700000| Untracked 
|  38|0x0000000085800000, 0x0000000085800000, 0x0000000085900000|  0%| F|  |TAMS 0x0000000085800000, 0x0000000085800000| Untracked 
|  39|0x0000000085900000, 0x0000000085900000, 0x0000000085a00000|  0%| F|  |TAMS 0x0000000085900000, 0x0000000085900000| Untracked 
|  40|0x0000000085a00000, 0x0000000085a00000, 0x0000000085b00000|  0%| F|  |TAMS 0x0000000085a00000, 0x0000000085a00000| Untracked 
|  41|0x0000000085b00000, 0x0000000085b00000, 0x0000000085c00000|  0%| F|  |TAMS 0x0000000085b00000, 0x0000000085b00000| Untracked 
|  42|0x0000000085c00000, 0x0000000085c00000, 0x0000000085d00000|  0%| F|  |TAMS 0x0000000085c00000, 0x0000000085c00000| Untracked 
|  43|0x0000000085d00000, 0x0000000085d00000, 0x0000000085e00000|  0%| F|  |TAMS 0x0000000085d00000, 0x0000000085d00000| Untracked 
|  44|0x0000000085e00000, 0x0000000085e00000, 0x0000000085f00000|  0%| F|  |TAMS 0x0000000085e00000, 0x0000000085e00000| Untracked 
|  45|0x0000000085f00000, 0x0000000085f00000, 0x0000000086000000|  0%| F|  |TAMS 0x0000000085f00000, 0x0000000085f00000| Untracked 
|  46|0x0000000086000000, 0x0000000086000000, 0x0000000086100000|  0%| F|  |TAMS 0x0000000086000000, 0x0000000086000000| Untracked 
|  47|0x0000000086100000, 0x0000000086100000, 0x0000000086200000|  0%| F|  |TAMS 0x0000000086100000, 0x0000000086100000| Untracked 
|  48|0x0000000086200000, 0x0000000086200000, 0x0000000086300000|  0%| F|  |TAMS 0x0000000086200000, 0x0000000086200000| Untracked 
|  49|0x0000000086300000, 0x0000000086300000, 0x0000000086400000|  0%| F|  |TAMS 0x0000000086300000, 0x0000000086300000| Untracked 
|  50|0x0000000086400000, 0x0000000086400000, 0x0000000086500000|  0%| F|  |TAMS 0x0000000086400000, 0x0000000086400000| Untracked 
|  51|0x0000000086500000, 0x0000000086500000, 0x0000000086600000|  0%| F|  |TAMS 0x0000000086500000, 0x0000000086500000| Untracked 
|  52|0x0000000086600000, 0x0000000086600000, 0x0000000086700000|  0%| F|  |TAMS 0x0000000086600000, 0x0000000086600000| Untracked 
|  53|0x0000000086700000, 0x0000000086700000, 0x0000000086800000|  0%| F|  |TAMS 0x0000000086700000, 0x0000000086700000| Untracked 
|  54|0x0000000086800000, 0x0000000086800000, 0x0000000086900000|  0%| F|  |TAMS 0x0000000086800000, 0x0000000086800000| Untracked 
|  55|0x0000000086900000, 0x0000000086900000, 0x0000000086a00000|  0%| F|  |TAMS 0x0000000086900000, 0x0000000086900000| Untracked 
|  56|0x0000000086a00000, 0x0000000086a00000, 0x0000000086b00000|  0%| F|  |TAMS 0x0000000086a00000, 0x0000000086a00000| Untracked 
|  57|0x0000000086b00000, 0x0000000086b00000, 0x0000000086c00000|  0%| F|  |TAMS 0x0000000086b00000, 0x0000000086b00000| Untracked 
|  58|0x0000000086c00000, 0x0000000086c00000, 0x0000000086d00000|  0%| F|  |TAMS 0x0000000086c00000, 0x0000000086c00000| Untracked 
|  59|0x0000000086d00000, 0x0000000086d00000, 0x0000000086e00000|  0%| F|  |TAMS 0x0000000086d00000, 0x0000000086d00000| Untracked 
|  60|0x0000000086e00000, 0x0000000086e00000, 0x0000000086f00000|  0%| F|  |TAMS 0x0000000086e00000, 0x0000000086e00000| Untracked 
|  61|0x0000000086f00000, 0x0000000086f00000, 0x0000000087000000|  0%| F|  |TAMS 0x0000000086f00000, 0x0000000086f00000| Untracked 
|  62|0x0000000087000000, 0x0000000087000000, 0x0000000087100000|  0%| F|  |TAMS 0x0000000087000000, 0x0000000087000000| Untracked 
|  63|0x0000000087100000, 0x0000000087100000, 0x0000000087200000|  0%| F|  |TAMS 0x0000000087100000, 0x0000000087100000| Untracked 
|  64|0x0000000087200000, 0x0000000087200000, 0x0000000087300000|  0%| F|  |TAMS 0x0000000087200000, 0x0000000087200000| Untracked 
|  65|0x0000000087300000, 0x0000000087300000, 0x0000000087400000|  0%| F|  |TAMS 0x0000000087300000, 0x0000000087300000| Untracked 
|  66|0x0000000087400000, 0x0000000087400000, 0x0000000087500000|  0%| F|  |TAMS 0x0000000087400000, 0x0000000087400000| Untracked 
|  67|0x0000000087500000, 0x0000000087500000, 0x0000000087600000|  0%| F|  |TAMS 0x0000000087500000, 0x0000000087500000| Untracked 
|  68|0x0000000087600000, 0x0000000087600000, 0x0000000087700000|  0%| F|  |TAMS 0x0000000087600000, 0x0000000087600000| Untracked 
|  69|0x0000000087700000, 0x0000000087700000, 0x0000000087800000|  0%| F|  |TAMS 0x0000000087700000, 0x0000000087700000| Untracked 
|  70|0x0000000087800000, 0x0000000087800000, 0x0000000087900000|  0%| F|  |TAMS 0x0000000087800000, 0x0000000087800000| Untracked 
|  71|0x0000000087900000, 0x0000000087900000, 0x0000000087a00000|  0%| F|  |TAMS 0x0000000087900000, 0x0000000087900000| Untracked 
|  72|0x0000000087a00000, 0x0000000087a00000, 0x0000000087b00000|  0%| F|  |TAMS 0x0000000087a00000, 0x0000000087a00000| Untracked 
|  73|0x0000000087b00000, 0x0000000087b00000, 0x0000000087c00000|  0%| F|  |TAMS 0x0000000087b00000, 0x0000000087b00000| Untracked 
|  74|0x0000000087c00000, 0x0000000087c00000, 0x0000000087d00000|  0%| F|  |TAMS 0x0000000087c00000, 0x0000000087c00000| Untracked 
|  75|0x0000000087d00000, 0x0000000087d00000, 0x0000000087e00000|  0%| F|  |TAMS 0x0000000087d00000, 0x0000000087d00000| Untracked 
|  76|0x0000000087e00000, 0x0000000087e00000, 0x0000000087f00000|  0%| F|  |TAMS 0x0000000087e00000, 0x0000000087e00000| Untracked 
|  77|0x0000000087f00000, 0x0000000087f00000, 0x0000000088000000|  0%| F|  |TAMS 0x0000000087f00000, 0x0000000087f00000| Untracked 
|  78|0x0000000088000000, 0x0000000088000000, 0x0000000088100000|  0%| F|  |TAMS 0x0000000088000000, 0x0000000088000000| Untracked 
|  79|0x0000000088100000, 0x0000000088100000, 0x0000000088200000|  0%| F|  |TAMS 0x0000000088100000, 0x0000000088100000| Untracked 
|  80|0x0000000088200000, 0x0000000088200000, 0x0000000088300000|  0%| F|  |TAMS 0x0000000088200000, 0x0000000088200000| Untracked 
|  81|0x0000000088300000, 0x0000000088300000, 0x0000000088400000|  0%| F|  |TAMS 0x0000000088300000, 0x0000000088300000| Untracked 
|  82|0x0000000088400000, 0x0000000088400000, 0x0000000088500000|  0%| F|  |TAMS 0x0000000088400000, 0x0000000088400000| Untracked 
|  83|0x0000000088500000, 0x0000000088500000, 0x0000000088600000|  0%| F|  |TAMS 0x0000000088500000, 0x0000000088500000| Untracked 
|  84|0x0000000088600000, 0x0000000088600000, 0x0000000088700000|  0%| F|  |TAMS 0x0000000088600000, 0x0000000088600000| Untracked 
|  85|0x0000000088700000, 0x0000000088700000, 0x0000000088800000|  0%| F|  |TAMS 0x0000000088700000, 0x0000000088700000| Untracked 
|  86|0x0000000088800000, 0x0000000088800000, 0x0000000088900000|  0%| F|  |TAMS 0x0000000088800000, 0x0000000088800000| Untracked 
|  87|0x0000000088900000, 0x0000000088900000, 0x0000000088a00000|  0%| F|  |TAMS 0x0000000088900000, 0x0000000088900000| Untracked 
|  88|0x0000000088a00000, 0x0000000088a00000, 0x0000000088b00000|  0%| F|  |TAMS 0x0000000088a00000, 0x0000000088a00000| Untracked 
|  89|0x0000000088b00000, 0x0000000088b00000, 0x0000000088c00000|  0%| F|  |TAMS 0x0000000088b00000, 0x0000000088b00000| Untracked 
|  90|0x0000000088c00000, 0x0000000088c00000, 0x0000000088d00000|  0%| F|  |TAMS 0x0000000088c00000, 0x0000000088c00000| Untracked 
|  91|0x0000000088d00000, 0x0000000088d00000, 0x0000000088e00000|  0%| F|  |TAMS 0x0000000088d00000, 0x0000000088d00000| Untracked 
|  92|0x0000000088e00000, 0x0000000088e00000, 0x0000000088f00000|  0%| F|  |TAMS 0x0000000088e00000, 0x0000000088e00000| Untracked 
|  93|0x0000000088f00000, 0x0000000088f00000, 0x0000000089000000|  0%| F|  |TAMS 0x0000000088f00000, 0x0000000088f00000| Untracked 
|  94|0x0000000089000000, 0x0000000089000000, 0x0000000089100000|  0%| F|  |TAMS 0x0000000089000000, 0x0000000089000000| Untracked 
|  95|0x0000000089100000, 0x0000000089100000, 0x0000000089200000|  0%| F|  |TAMS 0x0000000089100000, 0x0000000089100000| Untracked 
|  96|0x0000000089200000, 0x0000000089200000, 0x0000000089300000|  0%| F|  |TAMS 0x0000000089200000, 0x0000000089200000| Untracked 
|  97|0x0000000089300000, 0x0000000089300000, 0x0000000089400000|  0%| F|  |TAMS 0x0000000089300000, 0x0000000089300000| Untracked 
|  98|0x0000000089400000, 0x0000000089400000, 0x0000000089500000|  0%| F|  |TAMS 0x0000000089400000, 0x0000000089400000| Untracked 
|  99|0x0000000089500000, 0x00000000895c4740, 0x0000000089600000| 76%| S|CS|TAMS 0x0000000089500000, 0x0000000089500000| Complete 
| 100|0x0000000089600000, 0x0000000089700000, 0x0000000089700000|100%| S|CS|TAMS 0x0000000089600000, 0x0000000089600000| Complete 
| 101|0x0000000089700000, 0x0000000089800000, 0x0000000089800000|100%| S|CS|TAMS 0x0000000089700000, 0x0000000089700000| Complete 
| 102|0x0000000089800000, 0x0000000089800000, 0x0000000089900000|  0%| F|  |TAMS 0x0000000089800000, 0x0000000089800000| Untracked 
| 103|0x0000000089900000, 0x0000000089900000, 0x0000000089a00000|  0%| F|  |TAMS 0x0000000089900000, 0x0000000089900000| Untracked 
| 104|0x0000000089a00000, 0x0000000089a00000, 0x0000000089b00000|  0%| F|  |TAMS 0x0000000089a00000, 0x0000000089a00000| Untracked 
| 105|0x0000000089b00000, 0x0000000089b00000, 0x0000000089c00000|  0%| F|  |TAMS 0x0000000089b00000, 0x0000000089b00000| Untracked 
| 106|0x0000000089c00000, 0x0000000089c00000, 0x0000000089d00000|  0%| F|  |TAMS 0x0000000089c00000, 0x0000000089c00000| Untracked 
| 107|0x0000000089d00000, 0x0000000089d00000, 0x0000000089e00000|  0%| F|  |TAMS 0x0000000089d00000, 0x0000000089d00000| Untracked 
| 108|0x0000000089e00000, 0x0000000089e00000, 0x0000000089f00000|  0%| F|  |TAMS 0x0000000089e00000, 0x0000000089e00000| Untracked 
| 109|0x0000000089f00000, 0x0000000089f00000, 0x000000008a000000|  0%| F|  |TAMS 0x0000000089f00000, 0x0000000089f00000| Untracked 
| 110|0x000000008a000000, 0x000000008a000000, 0x000000008a100000|  0%| F|  |TAMS 0x000000008a000000, 0x000000008a000000| Untracked 
| 111|0x000000008a100000, 0x000000008a100000, 0x000000008a200000|  0%| F|  |TAMS 0x000000008a100000, 0x000000008a100000| Untracked 
| 112|0x000000008a200000, 0x000000008a200000, 0x000000008a300000|  0%| F|  |TAMS 0x000000008a200000, 0x000000008a200000| Untracked 
| 113|0x000000008a300000, 0x000000008a300000, 0x000000008a400000|  0%| F|  |TAMS 0x000000008a300000, 0x000000008a300000| Untracked 
| 114|0x000000008a400000, 0x000000008a400000, 0x000000008a500000|  0%| F|  |TAMS 0x000000008a400000, 0x000000008a400000| Untracked 
| 115|0x000000008a500000, 0x000000008a500000, 0x000000008a600000|  0%| F|  |TAMS 0x000000008a500000, 0x000000008a500000| Untracked 
| 116|0x000000008a600000, 0x000000008a600000, 0x000000008a700000|  0%| F|  |TAMS 0x000000008a600000, 0x000000008a600000| Untracked 
| 117|0x000000008a700000, 0x000000008a700000, 0x000000008a800000|  0%| F|  |TAMS 0x000000008a700000, 0x000000008a700000| Untracked 
| 118|0x000000008a800000, 0x000000008a800000, 0x000000008a900000|  0%| F|  |TAMS 0x000000008a800000, 0x000000008a800000| Untracked 
| 119|0x000000008a900000, 0x000000008a900000, 0x000000008aa00000|  0%| F|  |TAMS 0x000000008a900000, 0x000000008a900000| Untracked 
| 120|0x000000008aa00000, 0x000000008aa00000, 0x000000008ab00000|  0%| F|  |TAMS 0x000000008aa00000, 0x000000008aa00000| Untracked 
| 121|0x000000008ab00000, 0x000000008ab00000, 0x000000008ac00000|  0%| F|  |TAMS 0x000000008ab00000, 0x000000008ab00000| Untracked 
| 122|0x000000008ac00000, 0x000000008ad00000, 0x000000008ad00000|100%| E|  |TAMS 0x000000008ac00000, 0x000000008ac00000| Complete 
| 123|0x000000008ad00000, 0x000000008ae00000, 0x000000008ae00000|100%| E|CS|TAMS 0x000000008ad00000, 0x000000008ad00000| Complete 
| 124|0x000000008ae00000, 0x000000008af00000, 0x000000008af00000|100%| E|CS|TAMS 0x000000008ae00000, 0x000000008ae00000| Complete 
| 125|0x000000008af00000, 0x000000008b000000, 0x000000008b000000|100%| E|CS|TAMS 0x000000008af00000, 0x000000008af00000| Complete 

Card table byte_map: [0x00000268be160000,0x00000268be550000] _byte_map_base: 0x00000268bdd47000

Marking Bits (Prev, Next): (CMBitMap*) 0x00000268a632f148, (CMBitMap*) 0x00000268a632f180
 Prev Bits: [0x00000268be940000, 0x00000268c0878000)
 Next Bits: [0x00000268c0880000, 0x00000268c27b8000)

Polling page: 0x00000268a5ad0000

Metaspace:

Usage:
  Non-class:     13.55 MB capacity,    13.20 MB ( 97%) used,   289.65 KB (  2%) free+waste,    62.44 KB ( <1%) overhead. 
      Class:      1.74 MB capacity,     1.51 MB ( 86%) used,   212.18 KB ( 12%) free+waste,    30.94 KB (  2%) overhead. 
       Both:     15.29 MB capacity,    14.71 MB ( 96%) used,   501.83 KB (  3%) free+waste,    93.38 KB ( <1%) overhead. 

Virtual space:
  Non-class space:       14.00 MB reserved,      13.75 MB ( 98%) committed 
      Class space:        1.00 GB reserved,       1.75 MB ( <1%) committed 
             Both:        1.01 GB reserved,      15.50 MB (  1%) committed 

Chunk freelists:
   Non-Class:  16.00 KB
       Class:  6.00 KB
        Both:  22.00 KB

MaxMetaspaceSize: 17179869184.00 GB
CompressedClassSpaceSize: 1.00 GB
Initial GC threshold: 20.80 MB
Current GC threshold: 20.80 MB
CDS: off

CodeHeap 'non-profiled nmethods': size=120000Kb used=546Kb max_used=546Kb free=119454Kb
 bounds [0x00000268b6500000, 0x00000268b6770000, 0x00000268bda30000]
CodeHeap 'profiled nmethods': size=120000Kb used=2583Kb max_used=2583Kb free=117416Kb
 bounds [0x00000268aefd0000, 0x00000268af260000, 0x00000268b6500000]
CodeHeap 'non-nmethods': size=5760Kb used=1264Kb max_used=1290Kb free=4495Kb
 bounds [0x00000268aea30000, 0x00000268aeca0000, 0x00000268aefd0000]
 total_blobs=1804 nmethods=1352 adapters=373
 compilation: enabled
              stopped_count=0, restarted_count=0
 full_count=0

Compilation events (20 events):
Event: 1.240 Thread 0x00000268c5bac000 1347       3       jdk.internal.org.objectweb.asm.MethodWriter::startFrame (55 bytes)
Event: 1.241 Thread 0x00000268c5bac000 nmethod 1347 0x00000268af251a10 code [0x00000268af251be0, 0x00000268af251ef8]
Event: 1.241 Thread 0x00000268c5bac000 1348       3       jdk.internal.org.objectweb.asm.MethodWriter::endFrame (53 bytes)
Event: 1.241 Thread 0x00000268c5bac000 nmethod 1348 0x00000268af252090 code [0x00000268af252280, 0x00000268af252748]
Event: 1.241 Thread 0x00000268c5bac000 1345       3       java.lang.invoke.LambdaFormEditor::buffer (12 bytes)
Event: 1.241 Thread 0x00000268c5bac000 nmethod 1345 0x00000268af252890 code [0x00000268af252a40, 0x00000268af252be8]
Event: 1.241 Thread 0x00000268c5bac000 1350       3       java.util.Arrays::copyOfRange (89 bytes)
Event: 1.242 Thread 0x00000268c5bac000 nmethod 1350 0x00000268af252c90 code [0x00000268af252f80, 0x00000268af253e98]
Event: 1.242 Thread 0x00000268c5bac000 1346       3       java.lang.invoke.LambdaFormBuffer::<init> (89 bytes)
Event: 1.242 Thread 0x00000268c5bac000 nmethod 1346 0x00000268af254410 code [0x00000268af2545e0, 0x00000268af2549b8]
Event: 1.242 Thread 0x00000268c5bac000 1349       1       java.lang.invoke.LambdaForm::arity (5 bytes)
Event: 1.242 Thread 0x00000268c5bac000 nmethod 1349 0x00000268b657d910 code [0x00000268b657dac0, 0x00000268b657db78]
Event: 1.250 Thread 0x00000268c5bac000 1351       3       java.util.zip.ZipFile$ZipFileInputStream::initDataOffset (109 bytes)
Event: 1.251 Thread 0x00000268c5bac000 nmethod 1351 0x00000268af254b10 code [0x00000268af254d60, 0x00000268af255508]
Event: 1.251 Thread 0x00000268c5bac000 1352       3       java.lang.invoke.LambdaFormEditor$Transform::packedBytes (66 bytes)
Event: 1.251 Thread 0x00000268c5bac000 nmethod 1352 0x00000268af255890 code [0x00000268af255a60, 0x00000268af255d28]
Event: 1.278 Thread 0x00000268c664c800 nmethod 1305 0x00000268b657dc10 code [0x00000268b657df00, 0x00000268b65804e8]
Event: 1.278 Thread 0x00000268c664c800 1342       4       java.lang.invoke.MethodType$ConcurrentWeakInternSet$WeakEntry::equals (49 bytes)
Event: 1.285 Thread 0x00000268c664c800 nmethod 1342 0x00000268b6581c90 code [0x00000268b6581e40, 0x00000268b6582358]
Event: 1.324 Thread 0x00000268c522f800 nmethod 1341 0x00000268b6582790 code [0x00000268b6582b20, 0x00000268b6586388]

GC Heap History (2 events):
Event: 1.183 GC heap before
{Heap before GC invocations=0 (full 0):
 garbage-first heap   total 129024K, used 23552K [0x0000000083200000, 0x0000000100000000)
  region size 1024K, 24 young (24576K), 0 survivors (0K)
 Metaspace       used 14560K, capacity 15174K, committed 15360K, reserved 1062912K
  class space    used 1472K, capacity 1709K, committed 1792K, reserved 1048576K
}
Event: 1.190 GC heap after
{Heap after GC invocations=1 (full 0):
 garbage-first heap   total 129024K, used 2833K [0x0000000083200000, 0x0000000100000000)
  region size 1024K, 3 young (3072K), 3 survivors (3072K)
 Metaspace       used 14560K, capacity 15174K, committed 15360K, reserved 1062912K
  class space    used 1472K, capacity 1709K, committed 1792K, reserved 1048576K
}

Deoptimization events (20 events):
Event: 0.633 Thread 0x00000268a62f1800 Uncommon trap: trap_request=0xffffffc6 fr.pc=0x00000268b6524e80 relative=0x00000000000004a0
Event: 0.633 Thread 0x00000268a62f1800 Uncommon trap: reason=bimorphic_or_optimized_type_check action=maybe_recompile pc=0x00000268b6524e80 method=java.util.HashMap.getNode(ILjava/lang/Object;)Ljava/util/HashMap$Node; @ 126 c2
Event: 0.633 Thread 0x00000268a62f1800 DEOPT PACKING pc=0x00000268b6524e80 sp=0x000000b65b5fdc10
Event: 0.633 Thread 0x00000268a62f1800 DEOPT UNPACKING pc=0x00000268aea7a1af sp=0x000000b65b5fdb58 mode 2
Event: 0.898 Thread 0x00000268a62f1800 DEOPT PACKING pc=0x00000268af10fa34 sp=0x000000b65b5fe650
Event: 0.898 Thread 0x00000268a62f1800 DEOPT UNPACKING pc=0x00000268aea7a95e sp=0x000000b65b5fdb28 mode 1
Event: 1.015 Thread 0x00000268a62f1800 DEOPT PACKING pc=0x00000268af029ca3 sp=0x000000b65b5fd680
Event: 1.015 Thread 0x00000268a62f1800 DEOPT UNPACKING pc=0x00000268aea7a95e sp=0x000000b65b5fcaf0 mode 0
Event: 1.023 Thread 0x00000268a62f1800 Uncommon trap: trap_request=0xffffffc6 fr.pc=0x00000268b6523578 relative=0x0000000000000418
Event: 1.023 Thread 0x00000268a62f1800 Uncommon trap: reason=bimorphic_or_optimized_type_check action=maybe_recompile pc=0x00000268b6523578 method=java.util.HashMap.getNode(ILjava/lang/Object;)Ljava/util/HashMap$Node; @ 126 c2
Event: 1.023 Thread 0x00000268a62f1800 DEOPT PACKING pc=0x00000268b6523578 sp=0x000000b65b5fe050
Event: 1.023 Thread 0x00000268a62f1800 DEOPT UNPACKING pc=0x00000268aea7a1af sp=0x000000b65b5fdfe8 mode 2
Event: 1.023 Thread 0x00000268a62f1800 Uncommon trap: trap_request=0xffffffc6 fr.pc=0x00000268b6523578 relative=0x0000000000000418
Event: 1.023 Thread 0x00000268a62f1800 Uncommon trap: reason=bimorphic_or_optimized_type_check action=maybe_recompile pc=0x00000268b6523578 method=java.util.HashMap.getNode(ILjava/lang/Object;)Ljava/util/HashMap$Node; @ 126 c2
Event: 1.023 Thread 0x00000268a62f1800 DEOPT PACKING pc=0x00000268b6523578 sp=0x000000b65b5fe050
Event: 1.023 Thread 0x00000268a62f1800 DEOPT UNPACKING pc=0x00000268aea7a1af sp=0x000000b65b5fdfe8 mode 2
Event: 1.155 Thread 0x00000268a62f1800 Uncommon trap: trap_request=0xffffff4d fr.pc=0x00000268b65709dc relative=0x0000000000003a3c
Event: 1.155 Thread 0x00000268a62f1800 Uncommon trap: reason=unstable_if action=reinterpret pc=0x00000268b65709dc method=jdk.internal.org.objectweb.asm.Frame.execute(IILjdk/internal/org/objectweb/asm/ClassWriter;Ljdk/internal/org/objectweb/asm/Item;)V @ 1 c2
Event: 1.155 Thread 0x00000268a62f1800 DEOPT PACKING pc=0x00000268b65709dc sp=0x000000b65b5fd010
Event: 1.155 Thread 0x00000268a62f1800 DEOPT UNPACKING pc=0x00000268aea7a1af sp=0x000000b65b5fd008 mode 2

Classes redefined (4 events):
Event: 313.685 Thread 0x00000268c51e7800 redefined class name=ru.natology.sqr.servicesSquare.SQRService, count=1
Event: 313.688 Thread 0x00000268c51e7800 redefined class name=SQRServiceTest, count=1
Event: 604.277 Thread 0x00000268c51e7800 redefined class name=ru.natology.sqr.servicesSquare.SQRService, count=2
Event: 781.095 Thread 0x00000268c51e7800 redefined class name=ru.natology.sqr.servicesSquare.SQRService, count=3

Internal exceptions (20 events):
Event: 0.966 Thread 0x00000268a62f1800 Exception <a 'java/lang/NoSuchMethodError'{0x0000000089f096f0}: 'int java.lang.invoke.DirectMethodHandle$Holder.invokeStaticInit(java.lang.Object, java.lang.Object, java.lang.Object)'> (0x0000000089f096f0) thrown at [./src/hotspot/share/interpreter/linkResolver.cpp, line 773]
Event: 0.983 Thread 0x00000268a62f1800 Exception <a 'java/lang/NoSuchMethodError'{0x0000000089fc3e88}: 'java.lang.Object java.lang.invoke.DirectMethodHandle$Holder.invokeStatic(java.lang.Object, java.lang.Object, java.lang.Object, java.lang.Object, java.lang.Object, java.lang.Object, java.lang.Object, java.lang.Object, java.lang.Object, java.lang.Object, java.lang.Object, java.lang.Object, java.lang.Object, int)'> (0x0000000089fc3e88) thrown at [./src/hotspot/share/interpreter/linkResolver.cpp, line 773]
Event: 0.984 Thread 0x00000268a62f1800 Exception <a 'java/lang/NoSuchMethodError'{0x0000000089fd16d0}: 'java.lang.Object java.lang.invoke.DirectMethodHandle$Holder.invokeStatic(java.lang.Object, java.lang.Object, java.lang.Object, java.lang.Object, java.lang.Object, java.lang.Object, java.lang.Object, java.lang.Object, java.lang.Object, java.lang.Object, java.lang.Object, java.lang.Object, java.lang.Object, int, int)'> (0x0000000089fd16d0) thrown at [./src/hotspot/share/interpreter/linkResolver.cpp, line 773]
Event: 0.986 Thread 0x00000268a62f1800 Exception <a 'java/lang/NoSuchMethodError'{0x0000000089fdf350}: 'java.lang.Object java.lang.invoke.DirectMethodHandle$Holder.invokeStatic(java.lang.Object, java.lang.Object, java.lang.Object, java.lang.Object, java.lang.Object, java.lang.Object, java.lang.Object, java.lang.Object, java.lang.Object, java.lang.Object, java.lang.Object, java.lang.Object, java.lang.Object, int, int, java.lang.Object)'> (0x0000000089fdf350) thrown at [./src/hotspot/share/interpreter/linkResolver.cpp, line 773]
Event: 1.012 Thread 0x00000268a62f1800 Exception <a 'java/lang/NoSuchMethodError'{0x0000000089eb7310}: 'java.lang.Object java.lang.invoke.Invokers$Holder.linkToTargetMethod(java.lang.Object, int, java.lang.Object)'> (0x0000000089eb7310) thrown at [./src/hotspot/share/interpreter/linkResolver.cpp, line 773]
Event: 1.056 Thread 0x00000268a62f1800 Exception <a 'java/lang/NoSuchMethodError'{0x0000000089dc1948}: 'java.lang.Object java.lang.invoke.DirectMethodHandle$Holder.invokeSpecial(java.lang.Object, java.lang.Object, java.lang.Object, java.lang.Object, java.lang.Object, java.lang.Object, java.lang.Object, java.lang.Object, java.lang.Object, java.lang.Object)'> (0x0000000089dc1948) thrown at [./src/hotspot/share/interpreter/linkResolver.cpp, line 773]
Event: 1.057 Thread 0x00000268a62f1800 Exception <a 'java/lang/NoSuchMethodError'{0x0000000089dcbc68}: 'java.lang.Object java.lang.invoke.Invokers$Holder.linkToTargetMethod(java.lang.Object, java.lang.Object, java.lang.Object, java.lang.Object, java.lang.Object, java.lang.Object, java.lang.Object, java.lang.Object, java.lang.Object)'> (0x0000000089dcbc68) thrown at [./src/hotspot/share/interpreter/linkResolver.cpp, line 773]
Event: 1.064 Thread 0x00000268a62f1800 Exception <a 'java/lang/NoSuchMethodError'{0x0000000089c11490}: 'java.lang.Object java.lang.invoke.Invokers$Holder.linkToTargetMethod(java.lang.Object, java.lang.Object, java.lang.Object, java.lang.Object, java.lang.Object, java.lang.Object, java.lang.Object)'> (0x0000000089c11490) thrown at [./src/hotspot/share/interpreter/linkResolver.cpp, line 773]
Event: 1.095 Thread 0x00000268a62f1800 Exception <a 'java/lang/IncompatibleClassChangeError'{0x0000000089b6b760}: Found class java.lang.Object, but interface was expected> (0x0000000089b6b760) thrown at [./src/hotspot/share/interpreter/linkResolver.cpp, line 839]
Event: 1.112 Thread 0x00000268a62f1800 Exception <a 'java/lang/NoSuchMethodError'{0x0000000089a46de8}: 'java.lang.Object java.lang.invoke.DelegatingMethodHandle$Holder.reinvoke_L(java.lang.Object, java.lang.Object, long)'> (0x0000000089a46de8) thrown at [./src/hotspot/share/interpreter/linkResolver.cpp, line 773]
Event: 1.113 Thread 0x00000268a62f1800 Exception <a 'java/lang/NoSuchMethodError'{0x0000000089a49fd8}: 'java.lang.Object java.lang.invoke.Invokers$Holder.linkToTargetMethod(java.lang.Object, long, java.lang.Object)'> (0x0000000089a49fd8) thrown at [./src/hotspot/share/interpreter/linkResolver.cpp, line 773]
Event: 1.120 Thread 0x00000268a62f1800 Exception <a 'java/lang/NoSuchMethodError'{0x0000000089a8bb60}: 'java.lang.Object java.lang.invoke.DirectMethodHandle$Holder.invokeStatic(java.lang.Object, java.lang.Object, java.lang.Object, int, java.lang.Object, java.lang.Object)'> (0x0000000089a8bb60) thrown at [./src/hotspot/share/interpreter/linkResolver.cpp, line 773]
Event: 1.121 Thread 0x00000268a62f1800 Exception <a 'java/lang/NoSuchMethodError'{0x0000000089a935e0}: 'java.lang.Object java.lang.invoke.DirectMethodHandle$Holder.invokeStatic(java.lang.Object, java.lang.Object, java.lang.Object, int, java.lang.Object)'> (0x0000000089a935e0) thrown at [./src/hotspot/share/interpreter/linkResolver.cpp, line 773]
Event: 1.121 Thread 0x00000268a62f1800 Exception <a 'java/lang/NoSuchMethodError'{0x0000000089a99ee8}: 'java.lang.Object java.lang.invoke.Invokers$Holder.linkToTargetMethod(java.lang.Object, java.lang.Object, int, java.lang.Object, java.lang.Object)'> (0x0000000089a99ee8) thrown at [./src/hotspot/share/interpreter/linkResolver.cpp, line 773]
Event: 1.156 Thread 0x00000268a62f1800 Exception <a 'java/lang/NoSuchMethodError'{0x00000000899d6890}: 'java.lang.Object java.lang.invoke.DirectMethodHandle$Holder.invokeStatic(java.lang.Object, java.lang.Object, long)'> (0x00000000899d6890) thrown at [./src/hotspot/share/interpreter/linkResolver.cpp, line 773]
Event: 1.157 Thread 0x00000268a62f1800 Exception <a 'java/lang/NoSuchMethodError'{0x00000000899de798}: 'java.lang.Object java.lang.invoke.DirectMethodHandle$Holder.newInvokeSpecial(java.lang.Object, java.lang.Object, java.lang.Object)'> (0x00000000899de798) thrown at [./src/hotspot/share/interpreter/linkResolver.cpp, line 773]
Event: 1.180 Thread 0x00000268a62f1800 Exception <a 'java/lang/NoSuchMethodError'{0x00000000898c9528}: 'java.lang.Object java.lang.invoke.DirectMethodHandle$Holder.invokeSpecial(java.lang.Object, java.lang.Object, int, int, java.lang.Object, int, java.lang.Object, java.lang.Object)'> (0x00000000898c9528) thrown at [./src/hotspot/share/interpreter/linkResolver.cpp, line 773]
Event: 1.180 Thread 0x00000268a62f1800 Exception <a 'java/lang/NoSuchMethodError'{0x00000000898ccb68}: 'java.lang.Object java.lang.invoke.DelegatingMethodHandle$Holder.reinvoke_L(java.lang.Object, int, int, java.lang.Object, int, java.lang.Object, java.lang.Object)'> (0x00000000898ccb68) thrown at [./src/hotspot/share/interpreter/linkResolver.cpp, line 773]
Event: 1.198 Thread 0x00000268a62f1800 Exception <a 'java/lang/NoSuchMethodError'{0x000000008af52cc0}: 'void java.lang.invoke.DirectMethodHandle$Holder.invokeSpecial(java.lang.Object, java.lang.Object, java.lang.Object, java.lang.Object)'> (0x000000008af52cc0) thrown at [./src/hotspot/share/interpreter/linkResolver.cpp, line 773]
Event: 1.213 Thread 0x00000268a62f1800 Exception <a 'java/lang/NoSuchMethodError'{0x000000008ae5d538}: 'void java.lang.invoke.DirectMethodHandle$Holder.invokeInterface(java.lang.Object, java.lang.Object)'> (0x000000008ae5d538) thrown at [./src/hotspot/share/interpreter/linkResolver.cpp, line 773]

Events (20 events):
Event: 781.085 Executing VM operation: ChangeBreakpoints done
Event: 781.086 Executing VM operation: RedefineClasses
Event: 781.097 Executing VM operation: RedefineClasses done
Event: 781.098 Executing VM operation: GetFrameCount
Event: 781.098 Executing VM operation: GetFrameCount done
Event: 781.098 Executing VM operation: GetFrameCount
Event: 781.098 Executing VM operation: GetFrameCount done
Event: 781.098 Executing VM operation: GetStackTrace
Event: 781.098 Executing VM operation: GetStackTrace done
Event: 781.125 Executing VM operation: ChangeBreakpoints
Event: 781.127 Executing VM operation: ChangeBreakpoints done
Event: 781.128 Executing VM operation: ChangeBreakpoints
Event: 781.130 Executing VM operation: ChangeBreakpoints done
Event: 781.132 Executing VM operation: GetFrameCount
Event: 781.132 Executing VM operation: GetFrameCount done
Event: 781.132 Executing VM operation: GetStackTrace
Event: 781.132 Executing VM operation: GetStackTrace done
Event: 781.134 Executing VM operation: GetFrameLocation
Event: 781.134 Executing VM operation: GetFrameLocation done
Event: 781.134 Executing VM operation: GetOrSetLocal


Dynamic libraries:
0x00007ff717ee0000 - 0x00007ff717eed000 	C:\Program Files\Eclipse Adoptium\jdk-11.0.14.101-hotspot\bin\java.exe
0x00007ffd833b0000 - 0x00007ffd835a5000 	C:\Windows\SYSTEM32\ntdll.dll
0x00007ffd824c0000 - 0x00007ffd8257d000 	C:\Windows\System32\KERNEL32.DLL
0x00007ffd80df0000 - 0x00007ffd810bd000 	C:\Windows\System32\KERNELBASE.dll
0x00007ffd80b30000 - 0x00007ffd80c30000 	C:\Windows\System32\ucrtbase.dll
0x00007ffd6a4f0000 - 0x00007ffd6a505000 	C:\Program Files\Eclipse Adoptium\jdk-11.0.14.101-hotspot\bin\VCRUNTIME140.dll
0x00007ffd74b10000 - 0x00007ffd74b27000 	C:\Program Files\Eclipse Adoptium\jdk-11.0.14.101-hotspot\bin\jli.dll
0x00007ffd82cf0000 - 0x00007ffd82e90000 	C:\Windows\System32\USER32.dll
0x00007ffd610b0000 - 0x00007ffd6134a000 	C:\Windows\WinSxS\amd64_microsoft.windows.common-controls_6595b64144ccf1df_6.0.19041.1110_none_60b5254171f9507e\COMCTL32.dll
0x00007ffd80a90000 - 0x00007ffd80ab2000 	C:\Windows\System32\win32u.dll
0x00007ffd82f40000 - 0x00007ffd82fde000 	C:\Windows\System32\msvcrt.dll
0x00007ffd826b0000 - 0x00007ffd826da000 	C:\Windows\System32\GDI32.dll
0x00007ffd81220000 - 0x00007ffd8132b000 	C:\Windows\System32\gdi32full.dll
0x00007ffd81330000 - 0x00007ffd813cd000 	C:\Windows\System32\msvcp_win.dll
0x00007ffd816f0000 - 0x00007ffd81720000 	C:\Windows\System32\IMM32.DLL
0x00007ffd625b0000 - 0x00007ffd6264b000 	C:\Program Files\Eclipse Adoptium\jdk-11.0.14.101-hotspot\bin\msvcp140.dll
0x00007ffcfd7c0000 - 0x00007ffcfe341000 	C:\Program Files\Eclipse Adoptium\jdk-11.0.14.101-hotspot\bin\server\jvm.dll
0x00007ffd822c0000 - 0x00007ffd8236e000 	C:\Windows\System32\ADVAPI32.dll
0x00007ffd826e0000 - 0x00007ffd8277c000 	C:\Windows\System32\sechost.dll
0x00007ffd81720000 - 0x00007ffd81845000 	C:\Windows\System32\RPCRT4.dll
0x00007ffd81940000 - 0x00007ffd81948000 	C:\Windows\System32\PSAPI.DLL
0x00007ffd64f70000 - 0x00007ffd64f97000 	C:\Windows\SYSTEM32\WINMM.dll
0x00007ffd76700000 - 0x00007ffd7670a000 	C:\Windows\SYSTEM32\VERSION.dll
0x00007ffd6ad40000 - 0x00007ffd6ad49000 	C:\Windows\SYSTEM32\WSOCK32.dll
0x00007ffd82450000 - 0x00007ffd824bb000 	C:\Windows\System32\WS2_32.dll
0x00007ffd7f320000 - 0x00007ffd7f332000 	C:\Windows\SYSTEM32\kernel.appcore.dll
0x00007ffd783d0000 - 0x00007ffd783e0000 	C:\Program Files\Eclipse Adoptium\jdk-11.0.14.101-hotspot\bin\verify.dll
0x00007ffd7f100000 - 0x00007ffd7f2e4000 	C:\Windows\SYSTEM32\DBGHELP.DLL
0x00007ffd6ec50000 - 0x00007ffd6ec7c000 	C:\Windows\SYSTEM32\dbgcore.DLL
0x00007ffd80d60000 - 0x00007ffd80de2000 	C:\Windows\System32\bcryptPrimitives.dll
0x00007ffd65f10000 - 0x00007ffd65f38000 	C:\Program Files\Eclipse Adoptium\jdk-11.0.14.101-hotspot\bin\java.dll
0x00007ffd773b0000 - 0x00007ffd773ba000 	C:\Program Files\Eclipse Adoptium\jdk-11.0.14.101-hotspot\bin\jimage.dll
0x00007ffd629b0000 - 0x00007ffd629e8000 	C:\Program Files\Eclipse Adoptium\jdk-11.0.14.101-hotspot\bin\jdwp.dll
0x00007ffd764a0000 - 0x00007ffd764ae000 	C:\Program Files\Eclipse Adoptium\jdk-11.0.14.101-hotspot\bin\instrument.dll
0x00007ffd6a4d0000 - 0x00007ffd6a4e8000 	C:\Program Files\Eclipse Adoptium\jdk-11.0.14.101-hotspot\bin\zip.dll
0x00007ffd81b10000 - 0x00007ffd82254000 	C:\Windows\System32\SHELL32.dll
0x00007ffd7e960000 - 0x00007ffd7f0f4000 	C:\Windows\SYSTEM32\windows.storage.dll
0x00007ffd82fe0000 - 0x00007ffd83334000 	C:\Windows\System32\combase.dll
0x00007ffd804f0000 - 0x00007ffd8051c000 	C:\Windows\SYSTEM32\Wldp.dll
0x00007ffd813d0000 - 0x00007ffd8147d000 	C:\Windows\System32\SHCORE.dll
0x00007ffd81550000 - 0x00007ffd815a5000 	C:\Windows\System32\shlwapi.dll
0x00007ffd809d0000 - 0x00007ffd809ef000 	C:\Windows\SYSTEM32\profapi.dll
0x00007ffd74b00000 - 0x00007ffd74b0a000 	C:\Program Files\Eclipse Adoptium\jdk-11.0.14.101-hotspot\bin\dt_socket.dll
0x00007ffd80250000 - 0x00007ffd802ba000 	C:\Windows\system32\mswsock.dll
0x00007ffd65f80000 - 0x00007ffd65f99000 	C:\Program Files\Eclipse Adoptium\jdk-11.0.14.101-hotspot\bin\net.dll
0x00007ffd78290000 - 0x00007ffd7839a000 	C:\Windows\SYSTEM32\WINHTTP.dll
0x00007ffd64800000 - 0x00007ffd64813000 	C:\Program Files\Eclipse Adoptium\jdk-11.0.14.101-hotspot\bin\nio.dll
0x00007ffd80450000 - 0x00007ffd80468000 	C:\Windows\SYSTEM32\CRYPTSP.dll
0x00007ffd7fb60000 - 0x00007ffd7fb94000 	C:\Windows\system32\rsaenh.dll
0x00007ffd80d30000 - 0x00007ffd80d57000 	C:\Windows\System32\bcrypt.dll
0x00007ffd80950000 - 0x00007ffd8097e000 	C:\Windows\SYSTEM32\USERENV.dll
0x00007ffd80440000 - 0x00007ffd8044c000 	C:\Windows\SYSTEM32\CRYPTBASE.dll
0x00007ffd7fef0000 - 0x00007ffd7ff2b000 	C:\Windows\SYSTEM32\IPHLPAPI.DLL
0x00007ffd82780000 - 0x00007ffd82788000 	C:\Windows\System32\NSI.dll
0x00007ffd75390000 - 0x00007ffd753a7000 	C:\Windows\SYSTEM32\dhcpcsvc6.DLL
0x00007ffd75a00000 - 0x00007ffd75a1d000 	C:\Windows\SYSTEM32\dhcpcsvc.DLL
0x00007ffd7ff30000 - 0x00007ffd7fffb000 	C:\Windows\SYSTEM32\DNSAPI.dll

dbghelp: loaded successfully - version: 4.0.5 - missing functions: none
symbol engine: initialized successfully - sym options: 0x614 - pdb path: .;C:\Program Files\Eclipse Adoptium\jdk-11.0.14.101-hotspot\bin;C:\Windows\SYSTEM32;C:\Windows\WinSxS\amd64_microsoft.windows.common-controls_6595b64144ccf1df_6.0.19041.1110_none_60b5254171f9507e;C:\Program Files\Eclipse Adoptium\jdk-11.0.14.101-hotspot\bin\server

VM Arguments:
jvm_args: -agentlib:jdwp=transport=dt_socket,address=127.0.0.1:54412,suspend=y,server=n -ea -Didea.test.cyclic.buffer.size=1048576 -javaagent:C:\Users\mynot\AppData\Local\JetBrains\IdeaIC2022.1\captureAgent\debugger-agent.jar -Dfile.encoding=UTF-8 
java_command: com.intellij.rt.testng.RemoteTestNGStarter -usedefaultlisteners false -socket54411 @w@C:\Users\mynot\AppData\Local\Temp\idea_working_dirs_testng1.tmp -temp C:\Users\mynot\AppData\Local\Temp\idea_testng1.tmp
java_class_path (initial): C:\Program Files\JetBrains\IntelliJ IDEA Community Edition 2022.1.1\lib\idea_rt.jar;C:\Program Files\JetBrains\IntelliJ IDEA Community Edition 2022.1.1\plugins\testng\lib\testng-rt.jar;C:\Users\mynot\IdeaProjects\sqr\target\test-classes;C:\Users\mynot\IdeaProjects\sqr\target\classes;C:\Users\mynot\.m2\repository\org\junit\jupiter\junit-jupiter\5.7.0\junit-jupiter-5.7.0.jar;C:\Users\mynot\.m2\repository\org\junit\jupiter\junit-jupiter-api\5.7.0\junit-jupiter-api-5.7.0.jar;C:\Users\mynot\.m2\repository\org\apiguardian\apiguardian-api\1.1.0\apiguardian-api-1.1.0.jar;C:\Users\mynot\.m2\repository\org\opentest4j\opentest4j\1.2.0\opentest4j-1.2.0.jar;C:\Users\mynot\.m2\repository\org\junit\platform\junit-platform-commons\1.7.0\junit-platform-commons-1.7.0.jar;C:\Users\mynot\.m2\repository\org\junit\jupiter\junit-jupiter-params\5.7.0\junit-jupiter-params-5.7.0.jar;C:\Users\mynot\.m2\repository\org\junit\jupiter\junit-jupiter-engine\5.7.0\junit-jupiter-engine-5.7.0.jar;C:\Users\mynot\.m2\repository\org\junit\platform\junit-platform-engine\1.7.0\junit-platform-engine-1.7.0.jar;C:\Users\mynot\.m2\repository\org\testng\testng\7.6.0\testng-7.6.0.jar;C:\Users\mynot\.m2\repository\com\google\code\findbugs\jsr305\3.0.2\jsr305-3.0.2.jar;C:\Users\mynot\.m2\repository\org\slf4j\slf4j-api\1.7.36\slf4j-api-1.7.36.jar;C:\Users\mynot\.m2\repository\com\beust\jcommander\1.82\jcommander-1.82.jar;C:\Users\mynot\.m2\repository\org\webjars\jquery\3.6.0\jquery-3.6.0.jar
Launcher Type: SUN_STANDARD

[Global flags]
     intx CICompilerCount                          = 4                                         {product} {ergonomic}
     uint ConcGCThreads                            = 2                                         {product} {ergonomic}
     uint G1ConcRefinementThreads                  = 8                                         {product} {ergonomic}
   size_t G1HeapRegionSize                         = 1048576                                   {product} {ergonomic}
    uintx GCDrainStackTargetSize                   = 64                                        {product} {ergonomic}
   size_t InitialHeapSize                          = 132120576                                 {product} {ergonomic}
   size_t MarkStackSize                            = 4194304                                   {product} {ergonomic}
   size_t MaxHeapSize                              = 2095054848                                {product} {ergonomic}
   size_t MaxNewSize                               = 1256194048                                {product} {ergonomic}
   size_t MinHeapDeltaBytes                        = 1048576                                   {product} {ergonomic}
    uintx NonNMethodCodeHeapSize                   = 5836300                                {pd product} {ergonomic}
    uintx NonProfiledCodeHeapSize                  = 122910970                              {pd product} {ergonomic}
    uintx ProfiledCodeHeapSize                     = 122910970                              {pd product} {ergonomic}
    uintx ReservedCodeCacheSize                    = 251658240                              {pd product} {ergonomic}
     bool SegmentedCodeCache                       = true                                      {product} {ergonomic}
     bool UseCompressedClassPointers               = true                                 {lp64_product} {ergonomic}
     bool UseCompressedOops                        = true                                 {lp64_product} {ergonomic}
     bool UseG1GC                                  = true                                      {product} {ergonomic}
     bool UseLargePagesIndividualAllocation        = false                                  {pd product} {ergonomic}

Logging:
Log output configuration:
 #0: stdout all=warning uptime,level,tags
 #1: stderr all=off uptime,level,tags

Environment Variables:
PATH=C:\Program Files\Eclipse Adoptium\jdk-11.0.14.101-hotspot\bin;C:\Windows\system32;C:\Windows;C:\Windows\System32\Wbem;C:\Windows\System32\WindowsPowerShell\v1.0\;C:\Windows\System32\OpenSSH\;C:\Program Files (x86)\NVIDIA Corporation\PhysX\Common;C:\Program Files\Git\cmd;C:\Users\mynot\AppData\Local\Microsoft\WindowsApps;C:\Users\mynot\AppData\Local\Programs\Microsoft VS Code\bin
USERNAME=mynot
OS=Windows_NT
PROCESSOR_IDENTIFIER=Intel64 Family 6 Model 142 Stepping 12, GenuineIntel



---------------  S Y S T E M  ---------------

OS: Windows 10 , 64 bit Build 19041 (10.0.19041.1706)
OS uptime: 6 days 4:33 hours

CPU:total 8 (initial active 8) (4 cores per cpu, 2 threads per core) family 6 model 142 stepping 12 microcode 0xde, cmov, cx8, fxsr, mmx, sse, sse2, sse3, ssse3, sse4.1, sse4.2, popcnt, avx, avx2, aes, clmul, erms, 3dnowpref, lzcnt, ht, tsc, tscinvbit, bmi1, bmi2, adx, fma

Memory: 4k page, system-wide physical 7990M (796M free)
TotalPageFile size 17735M (AvailPageFile size 2706M)
current process WorkingSet (physical memory assigned to process): 25M, peak: 91M
current process commit charge ("private bytes"): 219M, peak: 230M

vm_info: OpenJDK 64-Bit Server VM (11.0.14.1+1) for windows-amd64 JRE (11.0.14.1+1), built on Feb  9 2022 01:48:27 by "" with unknown MS VC++:1916

END.
